<?xml version="1.0" encoding="UTF-8"?>
<!-- Generated by org.testng.reporters.JUnitXMLReporter -->
<testsuite hostname="CPX-E7F9QGSVXLX" ignored="2" name="Default test" tests="4" failures="0" timestamp="28 sep 2018 19:54:28 GMT" time="80.299" errors="0">
  <testcase name="feature" time="0.181" classname="cucumber.api.testng.AbstractTestNGCucumberTests"/>
  <testcase name="feature" time="8.853" classname="cucumber.api.testng.AbstractTestNGCucumberTests"/>
  <testcase name="feature" time="0.006" classname="cucumber.api.testng.AbstractTestNGCucumberTests"/>
  <testcase name="feature" time="8.807" classname="cucumber.api.testng.AbstractTestNGCucumberTests"/>
  <testcase name="@BeforeSuite setUpAppium" time="0.0" classname="AbstractBaseTests.TestBase">
    <ignored/>
  </testcase> <!-- @BeforeSuite setUpAppium -->
  <testcase name="@AfterSuite tearDownAppium" time="0.0" classname="AbstractBaseTests.TestBase">
    <ignored/>
  </testcase> <!-- @AfterSuite tearDownAppium -->
</testsuite> <!-- Default test -->
