<?xml version="1.0" encoding="UTF-8"?>
<testng-results skipped="0" failed="0" ignored="2" total="6" passed="4">
  <reporter-output>
  </reporter-output>
  <suite name="Default suite" duration-ms="80299" started-at="2018-09-28T19:53:07Z" finished-at="2018-09-28T19:54:28Z">
    <groups>
      <group name="cucumber">
        <method signature="AbstractTestNGCucumberTests.feature(cucumber.api.testng.CucumberFeatureWrapper)[pri:0, instance:Tests.Home@210366b4]" name="feature" class="cucumber.api.testng.AbstractTestNGCucumberTests"/>
        <method signature="AbstractTestNGCucumberTests.feature(cucumber.api.testng.CucumberFeatureWrapper)[pri:0, instance:Tests.Login@335eadca]" name="feature" class="cucumber.api.testng.AbstractTestNGCucumberTests"/>
      </group> <!-- cucumber -->
    </groups>
    <test name="Default test" duration-ms="80299" started-at="2018-09-28T19:53:07Z" finished-at="2018-09-28T19:54:28Z">
      <class name="Tests.Login">
        <test-method status="PASS" signature="setUpAppium()[pri:0, instance:Tests.Login@335eadca]" name="setUpAppium" is-config="true" duration-ms="21" started-at="2018-09-28T14:53:07Z" finished-at="2018-09-28T14:53:07Z">
          <reporter-output>
          </reporter-output>
        </test-method> <!-- setUpAppium -->
        <test-method status="PASS" signature="setUpClass()[pri:0, instance:Tests.Login@335eadca]" name="setUpClass" is-config="true" duration-ms="312" started-at="2018-09-28T14:53:07Z" finished-at="2018-09-28T14:53:08Z">
          <reporter-output>
          </reporter-output>
        </test-method> <!-- setUpClass -->
        <test-method status="PASS" signature="setUpPage()[pri:0, instance:Tests.Login@335eadca]" name="setUpPage" is-config="true" duration-ms="32031" started-at="2018-09-28T14:53:08Z" finished-at="2018-09-28T14:53:40Z">
          <reporter-output>
          </reporter-output>
        </test-method> <!-- setUpPage -->
        <test-method status="PASS" signature="feature(cucumber.api.testng.CucumberFeatureWrapper)[pri:0, instance:Tests.Login@335eadca]" name="feature" duration-ms="181" started-at="2018-09-28T14:53:40Z" description="Runs Cucumber Feature" data-provider="features" finished-at="2018-09-28T14:53:40Z">
          <params>
            <param index="0">
              <value>
                <![CDATA[home]]>
              </value>
            </param>
          </params>
          <reporter-output>
          </reporter-output>
        </test-method> <!-- feature -->
        <test-method status="PASS" signature="feature(cucumber.api.testng.CucumberFeatureWrapper)[pri:0, instance:Tests.Login@335eadca]" name="feature" duration-ms="8853" started-at="2018-09-28T14:53:40Z" description="Runs Cucumber Feature" data-provider="features" finished-at="2018-09-28T14:53:49Z">
          <params>
            <param index="0">
              <value>
                <![CDATA[login]]>
              </value>
            </param>
          </params>
          <reporter-output>
          </reporter-output>
        </test-method> <!-- feature -->
        <test-method status="PASS" signature="restartApp()[pri:0, instance:Tests.Login@335eadca]" name="restartApp" is-config="true" duration-ms="1" started-at="2018-09-28T14:53:49Z" finished-at="2018-09-28T14:53:49Z">
          <reporter-output>
          </reporter-output>
        </test-method> <!-- restartApp -->
        <test-method status="PASS" signature="tearDownClass()[pri:0, instance:Tests.Login@335eadca]" name="tearDownClass" is-config="true" duration-ms="0" started-at="2018-09-28T14:53:49Z" finished-at="2018-09-28T14:53:49Z">
          <reporter-output>
          </reporter-output>
        </test-method> <!-- tearDownClass -->
        <test-method status="PASS" signature="tearDownAppium()[pri:0, instance:Tests.Login@335eadca]" name="tearDownAppium" is-config="true" duration-ms="0" started-at="2018-09-28T14:54:28Z" finished-at="2018-09-28T14:54:28Z">
          <reporter-output>
          </reporter-output>
        </test-method> <!-- tearDownAppium -->
      </class> <!-- Tests.Login -->
      <class name="Tests.Home">
        <test-method status="PASS" signature="setUpClass()[pri:0, instance:Tests.Home@210366b4]" name="setUpClass" is-config="true" duration-ms="15" started-at="2018-09-28T14:53:49Z" finished-at="2018-09-28T14:53:49Z">
          <reporter-output>
          </reporter-output>
        </test-method> <!-- setUpClass -->
        <test-method status="PASS" signature="setUpPage()[pri:0, instance:Tests.Home@210366b4]" name="setUpPage" is-config="true" duration-ms="29908" started-at="2018-09-28T14:53:49Z" finished-at="2018-09-28T14:54:19Z">
          <reporter-output>
          </reporter-output>
        </test-method> <!-- setUpPage -->
        <test-method status="PASS" signature="feature(cucumber.api.testng.CucumberFeatureWrapper)[pri:0, instance:Tests.Home@210366b4]" name="feature" duration-ms="6" started-at="2018-09-28T14:54:19Z" description="Runs Cucumber Feature" data-provider="features" finished-at="2018-09-28T14:54:19Z">
          <params>
            <param index="0">
              <value>
                <![CDATA[home]]>
              </value>
            </param>
          </params>
          <reporter-output>
          </reporter-output>
        </test-method> <!-- feature -->
        <test-method status="PASS" signature="feature(cucumber.api.testng.CucumberFeatureWrapper)[pri:0, instance:Tests.Home@210366b4]" name="feature" duration-ms="8807" started-at="2018-09-28T14:54:19Z" description="Runs Cucumber Feature" data-provider="features" finished-at="2018-09-28T14:54:28Z">
          <params>
            <param index="0">
              <value>
                <![CDATA[login]]>
              </value>
            </param>
          </params>
          <reporter-output>
          </reporter-output>
        </test-method> <!-- feature -->
        <test-method status="PASS" signature="restartApp()[pri:0, instance:Tests.Home@210366b4]" name="restartApp" is-config="true" duration-ms="0" started-at="2018-09-28T14:54:28Z" finished-at="2018-09-28T14:54:28Z">
          <reporter-output>
          </reporter-output>
        </test-method> <!-- restartApp -->
        <test-method status="PASS" signature="tearDownClass()[pri:0, instance:Tests.Home@210366b4]" name="tearDownClass" is-config="true" duration-ms="1" started-at="2018-09-28T14:54:28Z" finished-at="2018-09-28T14:54:28Z">
          <reporter-output>
          </reporter-output>
        </test-method> <!-- tearDownClass -->
      </class> <!-- Tests.Home -->
    </test> <!-- Default test -->
  </suite> <!-- Default suite -->
</testng-results>
